<?xml version="1.0" encoding="UTF-8"?>
<testsuite name="com.landoulsi.payment.shared.checkout.CheckoutViewModelTest" tests="23" skipped="0" failures="0" errors="0" timestamp="2026-08-19T12:26:42.527Z" hostname="M1-Pro-1000.local" time="0.104">
  <properties/>
  <testcase name="testCanceledStatePreservesRequest" classname="com.landoulsi.payment.shared.checkout.CheckoutViewModelTest" time="0.075"/>
  <testcase name="testMultipleProvidersAvailability" classname="com.landoulsi.payment.shared.checkout.CheckoutViewModelTest" time="0.002"/>
  <testcase name="testHandlePaymentResultFromContract" classname="com.landoulsi.payment.shared.checkout.CheckoutViewModelTest" time="0.006"/>
  <testcase name="testUiStateExtensionProperties" classname="com.landoulsi.payment.shared.checkout.CheckoutViewModelTest" time="0.0"/>
  <testcase name="testPayPassesCurrentRequestToProvider" classname="com.landoulsi.payment.shared.checkout.CheckoutViewModelTest" time="0.002"/>
  <testcase name="testVarargProvidersConstructor" classname="com.landoulsi.payment.shared.checkout.CheckoutViewModelTest" time="0.001"/>
  <testcase name="testPaySuccessFlow" classname="com.landoulsi.payment.shared.checkout.CheckoutViewModelTest" time="0.001"/>
  <testcase name="testFailureThenResetThenSuccessCycle" classname="com.landoulsi.payment.shared.checkout.CheckoutViewModelTest" time="0.001"/>
  <testcase name="testUpdatePaymentRequestWithoutRefreshAvailability" classname="com.landoulsi.payment.shared.checkout.CheckoutViewModelTest" time="0.001"/>
  <testcase name="testPayWithProviderExceptionResultsInFailure" classname="com.landoulsi.payment.shared.checkout.CheckoutViewModelTest" time="0.001"/>
  <testcase name="testPayWithoutRegisteredProviderReturnsFailure" classname="com.landoulsi.payment.shared.checkout.CheckoutViewModelTest" time="0.001"/>
  <testcase name="testCheckAvailabilityWhenProviderThrows" classname="com.landoulsi.payment.shared.checkout.CheckoutViewModelTest" time="0.001"/>
  <testcase name="testIsPaymentMethodAvailableForUnregisteredMethod" classname="com.landoulsi.payment.shared.checkout.CheckoutViewModelTest" time="0.001"/>
  <testcase name="testFailureStatePreservesRequestAndFailureDetails" classname="com.landoulsi.payment.shared.checkout.CheckoutViewModelTest" time="0.001"/>
  <testcase name="testGetProviderReturnsCorrectProvider" classname="com.landoulsi.payment.shared.checkout.CheckoutViewModelTest" time="0.001"/>
  <testcase name="testUiStateExtensionPropertiesForSuccessFailureCanceled" classname="com.landoulsi.payment.shared.checkout.CheckoutViewModelTest" time="0.0"/>
  <testcase name="testInitializationChecksAvailabilityAndTransitionsToReady" classname="com.landoulsi.payment.shared.checkout.CheckoutViewModelTest" time="0.0"/>
  <testcase name="testStartProcessingSetsCorrectState" classname="com.landoulsi.payment.shared.checkout.CheckoutViewModelTest" time="0.0"/>
  <testcase name="testUpdatePaymentRequest" classname="com.landoulsi.payment.shared.checkout.CheckoutViewModelTest" time="0.001"/>
  <testcase name="testInitializationWhenGooglePayUnavailable" classname="com.landoulsi.payment.shared.checkout.CheckoutViewModelTest" time="0.001"/>
  <testcase name="testPayFailureFlow" classname="com.landoulsi.payment.shared.checkout.CheckoutViewModelTest" time="0.001"/>
  <testcase name="testResetPreservesCachedGooglePayAvailable" classname="com.landoulsi.payment.shared.checkout.CheckoutViewModelTest" time="0.001"/>
  <testcase name="testResetPreservesCachedGooglePayUnavailable" classname="com.landoulsi.payment.shared.checkout.CheckoutViewModelTest" time="0.0"/>
  <system-out><![CDATA[]]></system-out>
  <system-err><![CDATA[]]></system-err>
</testsuite>
