<?xml version="1.0" encoding="UTF-8"?>
<testsuite name="com.landoulsi.payment.shared.googlepay.GooglePayJsonFactoryTest" tests="24" skipped="0" failures="0" errors="0" timestamp="2026-08-19T12:26:42.662Z" hostname="M1-Pro-1000.local" time="0.006">
  <properties/>
  <testcase name="testCreatePaymentDataRequestNoShipping" classname="com.landoulsi.payment.shared.googlepay.GooglePayJsonFactoryTest" time="0.001"/>
  <testcase name="testCreateTokenizationSpecificationDirect" classname="com.landoulsi.payment.shared.googlepay.GooglePayJsonFactoryTest" time="0.0"/>
  <testcase name="testCreateIsReadyToPayRequest" classname="com.landoulsi.payment.shared.googlepay.GooglePayJsonFactoryTest" time="0.0"/>
  <testcase name="testParsePaymentResultSuccess" classname="com.landoulsi.payment.shared.googlepay.GooglePayJsonFactoryTest" time="0.001"/>
  <testcase name="testCreatePaymentDataRequestNoBillingAddress" classname="com.landoulsi.payment.shared.googlepay.GooglePayJsonFactoryTest" time="0.0"/>
  <testcase name="testParseAddressWithAddress3" classname="com.landoulsi.payment.shared.googlepay.GooglePayJsonFactoryTest" time="0.001"/>
  <testcase name="testCreatePaymentDataRequest" classname="com.landoulsi.payment.shared.googlepay.GooglePayJsonFactoryTest" time="0.0"/>
  <testcase name="testCreatePaymentDataRequestShippingFromRequest" classname="com.landoulsi.payment.shared.googlepay.GooglePayJsonFactoryTest" time="0.0"/>
  <testcase name="testParseAddressWithOnlyAddress2" classname="com.landoulsi.payment.shared.googlepay.GooglePayJsonFactoryTest" time="0.0"/>
  <testcase name="testParsePaymentResultEmailNullNotReturned" classname="com.landoulsi.payment.shared.googlepay.GooglePayJsonFactoryTest" time="0.0"/>
  <testcase name="testParsePaymentResultMinimalJson" classname="com.landoulsi.payment.shared.googlepay.GooglePayJsonFactoryTest" time="0.0"/>
  <testcase name="testCreatePaymentDataRequestNoEmailRequired" classname="com.landoulsi.payment.shared.googlepay.GooglePayJsonFactoryTest" time="0.0"/>
  <testcase name="testParseAddressEmpty" classname="com.landoulsi.payment.shared.googlepay.GooglePayJsonFactoryTest" time="0.001"/>
  <testcase name="testCreateIsReadyToPayRequestWithoutExistingPaymentMethod" classname="com.landoulsi.payment.shared.googlepay.GooglePayJsonFactoryTest" time="0.0"/>
  <testcase name="testCreateTokenizationSpecificationGateway" classname="com.landoulsi.payment.shared.googlepay.GooglePayJsonFactoryTest" time="0.0"/>
  <testcase name="testParsePaymentResultTopLevelEmail" classname="com.landoulsi.payment.shared.googlepay.GooglePayJsonFactoryTest" time="0.0"/>
  <testcase name="testCreatePaymentDataRequestMerchantNameFallback" classname="com.landoulsi.payment.shared.googlepay.GooglePayJsonFactoryTest" time="0.0"/>
  <testcase name="testCreatePaymentDataRequestWithBillingAddressMinFormat" classname="com.landoulsi.payment.shared.googlepay.GooglePayJsonFactoryTest" time="0.0"/>
  <testcase name="testCreateCardPaymentMethodWithoutTokenization" classname="com.landoulsi.payment.shared.googlepay.GooglePayJsonFactoryTest" time="0.0"/>
  <testcase name="testParsePaymentResultMalformedJson" classname="com.landoulsi.payment.shared.googlepay.GooglePayJsonFactoryTest" time="0.001"/>
  <testcase name="testCreateCardPaymentMethod" classname="com.landoulsi.payment.shared.googlepay.GooglePayJsonFactoryTest" time="0.0"/>
  <testcase name="testCreatePaymentDataRequestOmitEmptyMerchantInfo" classname="com.landoulsi.payment.shared.googlepay.GooglePayJsonFactoryTest" time="0.0"/>
  <testcase name="testCreatePaymentDataRequestShippingWithCountryCodesOnly" classname="com.landoulsi.payment.shared.googlepay.GooglePayJsonFactoryTest" time="0.0"/>
  <testcase name="testCreateBaseRequest" classname="com.landoulsi.payment.shared.googlepay.GooglePayJsonFactoryTest" time="0.0"/>
  <system-out><![CDATA[]]></system-out>
  <system-err><![CDATA[]]></system-err>
</testsuite>
