<?xml version="1.0" encoding="UTF-8"?>
<testsuite name="com.landoulsi.payment.shared.model.PaymentDomainModelsTest" tests="8" skipped="0" failures="0" errors="0" timestamp="2026-08-19T11:07:51.783Z" hostname="M1-Pro-1000.local" time="0.099">
  <properties/>
  <testcase name="testMoneyFormattingAndParsing" classname="com.landoulsi.payment.shared.model.PaymentDomainModelsTest" time="0.038"/>
  <testcase name="testPaymentResultStates" classname="com.landoulsi.payment.shared.model.PaymentDomainModelsTest" time="0.001"/>
  <testcase name="testCardNetworkParsing" classname="com.landoulsi.payment.shared.model.PaymentDomainModelsTest" time="0.0"/>
  <testcase name="testMoneyArithmeticAndComparison" classname="com.landoulsi.payment.shared.model.PaymentDomainModelsTest" time="0.035"/>
  <testcase name="testGooglePayConfigDefaultsAndPaymentRequest" classname="com.landoulsi.payment.shared.model.PaymentDomainModelsTest" time="0.017"/>
  <testcase name="testCurrencyFromCode" classname="com.landoulsi.payment.shared.model.PaymentDomainModelsTest" time="0.0"/>
  <testcase name="testPaymentProviderContract" classname="com.landoulsi.payment.shared.model.PaymentDomainModelsTest" time="0.001"/>
  <testcase name="testGooglePayConfigTokenizationSpecifications" classname="com.landoulsi.payment.shared.model.PaymentDomainModelsTest" time="0.003"/>
  <system-out><![CDATA[]]></system-out>
  <system-err><![CDATA[]]></system-err>
</testsuite>
