<?xml version="1.0" encoding="UTF-8"?>
<testsuite name="iosSimulatorArm64Test.com.landoulsi.payment.shared.model.PaymentDomainModelsTest" tests="8" skipped="0" failures="0" errors="0" timestamp="2026-08-19T11:08:05.150Z" hostname="M1-Pro-1000.local" time="0.003">
  <properties/>
  <testcase name="testCurrencyFromCode[iosSimulatorArm64]" classname="iosSimulatorArm64Test.com.landoulsi.payment.shared.model.PaymentDomainModelsTest" time="0.001"/>
  <testcase name="testMoneyFormattingAndParsing[iosSimulatorArm64]" classname="iosSimulatorArm64Test.com.landoulsi.payment.shared.model.PaymentDomainModelsTest" time="0.0"/>
  <testcase name="testMoneyArithmeticAndComparison[iosSimulatorArm64]" classname="iosSimulatorArm64Test.com.landoulsi.payment.shared.model.PaymentDomainModelsTest" time="0.0"/>
  <testcase name="testCardNetworkParsing[iosSimulatorArm64]" classname="iosSimulatorArm64Test.com.landoulsi.payment.shared.model.PaymentDomainModelsTest" time="0.0"/>
  <testcase name="testGooglePayConfigTokenizationSpecifications[iosSimulatorArm64]" classname="iosSimulatorArm64Test.com.landoulsi.payment.shared.model.PaymentDomainModelsTest" time="0.0"/>
  <testcase name="testGooglePayConfigDefaultsAndPaymentRequest[iosSimulatorArm64]" classname="iosSimulatorArm64Test.com.landoulsi.payment.shared.model.PaymentDomainModelsTest" time="0.001"/>
  <testcase name="testPaymentResultStates[iosSimulatorArm64]" classname="iosSimulatorArm64Test.com.landoulsi.payment.shared.model.PaymentDomainModelsTest" time="0.0"/>
  <testcase name="testPaymentProviderContract[iosSimulatorArm64]" classname="iosSimulatorArm64Test.com.landoulsi.payment.shared.model.PaymentDomainModelsTest" time="0.0"/>
  <system-out><![CDATA[]]></system-out>
  <system-err><![CDATA[]]></system-err>
</testsuite>
