<?xml version="1.0" encoding="UTF-8"?>
<testsuite name="iosSimulatorArm64Test.com.landoulsi.payment.shared.checkout.CheckoutViewModelTest" tests="8" skipped="0" failures="0" errors="0" timestamp="2026-08-19T12:11:23.790Z" hostname="M1-Pro-1000.local" time="0.003">
  <properties/>
  <testcase name="testInitializationChecksAvailabilityAndTransitionsToReady[iosSimulatorArm64]" classname="iosSimulatorArm64Test.com.landoulsi.payment.shared.checkout.CheckoutViewModelTest" time="0.001"/>
  <testcase name="testInitializationWhenGooglePayUnavailable[iosSimulatorArm64]" classname="iosSimulatorArm64Test.com.landoulsi.payment.shared.checkout.CheckoutViewModelTest" time="0.0"/>
  <testcase name="testPaySuccessFlow[iosSimulatorArm64]" classname="iosSimulatorArm64Test.com.landoulsi.payment.shared.checkout.CheckoutViewModelTest" time="0.0"/>
  <testcase name="testPayFailureFlow[iosSimulatorArm64]" classname="iosSimulatorArm64Test.com.landoulsi.payment.shared.checkout.CheckoutViewModelTest" time="0.0"/>
  <testcase name="testHandlePaymentResultFromContract[iosSimulatorArm64]" classname="iosSimulatorArm64Test.com.landoulsi.payment.shared.checkout.CheckoutViewModelTest" time="0.0"/>
  <testcase name="testPayWithoutRegisteredProviderReturnsFailure[iosSimulatorArm64]" classname="iosSimulatorArm64Test.com.landoulsi.payment.shared.checkout.CheckoutViewModelTest" time="0.0"/>
  <testcase name="testUpdatePaymentRequest[iosSimulatorArm64]" classname="iosSimulatorArm64Test.com.landoulsi.payment.shared.checkout.CheckoutViewModelTest" time="0.0"/>
  <testcase name="testUiStateExtensionProperties[iosSimulatorArm64]" classname="iosSimulatorArm64Test.com.landoulsi.payment.shared.checkout.CheckoutViewModelTest" time="0.0"/>
  <system-out><![CDATA[]]></system-out>
  <system-err><![CDATA[]]></system-err>
</testsuite>
