<?xml version="1.0" encoding="UTF-8"?>
<testsuite name="iosSimulatorArm64Test.com.landoulsi.payment.shared.model.PaymentDomainModelsTest" tests="20" skipped="0" failures="0" errors="0" timestamp="2026-08-19T11:53:26.295Z" hostname="M1-Pro-1000.local" time="0.008">
  <properties/>
  <testcase name="testCurrencyFromCode[iosSimulatorArm64]" classname="iosSimulatorArm64Test.com.landoulsi.payment.shared.model.PaymentDomainModelsTest" time="0.001"/>
  <testcase name="testMoneyFormattingAndParsing[iosSimulatorArm64]" classname="iosSimulatorArm64Test.com.landoulsi.payment.shared.model.PaymentDomainModelsTest" time="0.0"/>
  <testcase name="testMoneyArithmeticAndComparison[iosSimulatorArm64]" classname="iosSimulatorArm64Test.com.landoulsi.payment.shared.model.PaymentDomainModelsTest" time="0.0"/>
  <testcase name="testCardNetworkParsing[iosSimulatorArm64]" classname="iosSimulatorArm64Test.com.landoulsi.payment.shared.model.PaymentDomainModelsTest" time="0.0"/>
  <testcase name="testGooglePayConfigTokenizationSpecifications[iosSimulatorArm64]" classname="iosSimulatorArm64Test.com.landoulsi.payment.shared.model.PaymentDomainModelsTest" time="0.0"/>
  <testcase name="testGooglePayConfigDefaultsAndPaymentRequest[iosSimulatorArm64]" classname="iosSimulatorArm64Test.com.landoulsi.payment.shared.model.PaymentDomainModelsTest" time="0.0"/>
  <testcase name="testPaymentResultStates[iosSimulatorArm64]" classname="iosSimulatorArm64Test.com.landoulsi.payment.shared.model.PaymentDomainModelsTest" time="0.0"/>
  <testcase name="testPaymentProviderContract[iosSimulatorArm64]" classname="iosSimulatorArm64Test.com.landoulsi.payment.shared.model.PaymentDomainModelsTest" time="0.0"/>
  <testcase name="testCardNetworkFromNameHyphenated[iosSimulatorArm64]" classname="iosSimulatorArm64Test.com.landoulsi.payment.shared.model.PaymentDomainModelsTest" time="0.0"/>
  <testcase name="testCardNetworkFromNameWithSpaces[iosSimulatorArm64]" classname="iosSimulatorArm64Test.com.landoulsi.payment.shared.model.PaymentDomainModelsTest" time="0.0"/>
  <testcase name="testGatewayTokenizationEmptyMerchantIdExcluded[iosSimulatorArm64]" classname="iosSimulatorArm64Test.com.landoulsi.payment.shared.model.PaymentDomainModelsTest" time="0.0"/>
  <testcase name="testGatewayTokenizationWithMerchantId[iosSimulatorArm64]" classname="iosSimulatorArm64Test.com.landoulsi.payment.shared.model.PaymentDomainModelsTest" time="0.0"/>
  <testcase name="testGatewayBraintreeTokenization[iosSimulatorArm64]" classname="iosSimulatorArm64Test.com.landoulsi.payment.shared.model.PaymentDomainModelsTest" time="0.0"/>
  <testcase name="testMoneyZero[iosSimulatorArm64]" classname="iosSimulatorArm64Test.com.landoulsi.payment.shared.model.PaymentDomainModelsTest" time="0.0"/>
  <testcase name="testMoneyFromMajorUnitsZero[iosSimulatorArm64]" classname="iosSimulatorArm64Test.com.landoulsi.payment.shared.model.PaymentDomainModelsTest" time="0.0"/>
  <testcase name="testGooglePayBillingAddressParametersDefaults[iosSimulatorArm64]" classname="iosSimulatorArm64Test.com.landoulsi.payment.shared.model.PaymentDomainModelsTest" time="0.003"/>
  <testcase name="testGooglePayShippingAddressParametersDefaults[iosSimulatorArm64]" classname="iosSimulatorArm64Test.com.landoulsi.payment.shared.model.PaymentDomainModelsTest" time="0.0"/>
  <testcase name="testPaymentRequestDefaultValues[iosSimulatorArm64]" classname="iosSimulatorArm64Test.com.landoulsi.payment.shared.model.PaymentDomainModelsTest" time="0.0"/>
  <testcase name="testPaymentMethodTypeIdentifiers[iosSimulatorArm64]" classname="iosSimulatorArm64Test.com.landoulsi.payment.shared.model.PaymentDomainModelsTest" time="0.0"/>
  <testcase name="testGooglePayConfigFullCustomization[iosSimulatorArm64]" classname="iosSimulatorArm64Test.com.landoulsi.payment.shared.model.PaymentDomainModelsTest" time="0.0"/>
  <system-out><![CDATA[]]></system-out>
  <system-err><![CDATA[]]></system-err>
</testsuite>
